0 info it worked if it ends with ok
1 verbose cli [ '/usr/local/bin/node', '/usr/local/bin/npm', 'install', 'node' ]
2 info using npm@3.10.10
3 info using node@v6.11.1
4 silly loadCurrentTree Starting
5 silly install loadCurrentTree
6 silly install readLocalPackageData
7 silly fetchPackageMetaData node
8 silly fetchNamedPackageData node
9 silly mapToRegistry name node
10 silly mapToRegistry using default registry
11 silly mapToRegistry registry https://registry.npmjs.org/
12 silly mapToRegistry data Result {
12 silly mapToRegistry   raw: 'node',
12 silly mapToRegistry   scope: null,
12 silly mapToRegistry   escapedName: 'node',
12 silly mapToRegistry   name: 'node',
12 silly mapToRegistry   rawSpec: '',
12 silly mapToRegistry   spec: 'latest',
12 silly mapToRegistry   type: 'tag' }
13 silly mapToRegistry uri https://registry.npmjs.org/node
14 verbose request uri https://registry.npmjs.org/node
15 verbose request no auth needed
16 info attempt registry request try #1 at 10:25:05 AM
17 verbose request id beda75808a421b20
18 http request GET https://registry.npmjs.org/node
19 http 200 https://registry.npmjs.org/node
20 verbose headers { date: 'Thu, 15 Nov 2018 10:25:05 GMT',
20 verbose headers   'content-type': 'application/json',
20 verbose headers   'transfer-encoding': 'chunked',
20 verbose headers   connection: 'keep-alive',
20 verbose headers   'set-cookie': [ '__cfduid=dd12da5df53d607bac7d573d5754390501542277505; expires=Fri, 15-Nov-19 10:25:05 GMT; path=/; domain=.registry.npmjs.org; HttpOnly' ],
20 verbose headers   'cf-cache-status': 'HIT',
20 verbose headers   'cache-control': 'max-age=300',
20 verbose headers   'cf-ray': '47a103095d7f2957-DUB',
20 verbose headers   etag: 'W/"d015bcff2346759dad455b5b296c7bee"',
20 verbose headers   'expect-ct': 'max-age=604800, report-uri="https://report-uri.cloudflare.com/cdn-cgi/beacon/expect-ct"',
20 verbose headers   'last-modified': 'Sun, 11 Nov 2018 15:35:18 GMT',
20 verbose headers   vary: 'accept-encoding, accept',
20 verbose headers   'x-amz-meta-rev': '436-a14e6ff9cb1bb47fae6d03142d5edb02',
20 verbose headers   server: 'cloudflare',
20 verbose headers   'content-encoding': 'gzip' }
21 silly get cb [ 200,
21 silly get   { date: 'Thu, 15 Nov 2018 10:25:05 GMT',
21 silly get     'content-type': 'application/json',
21 silly get     'transfer-encoding': 'chunked',
21 silly get     connection: 'keep-alive',
21 silly get     'set-cookie': [ '__cfduid=dd12da5df53d607bac7d573d5754390501542277505; expires=Fri, 15-Nov-19 10:25:05 GMT; path=/; domain=.registry.npmjs.org; HttpOnly' ],
21 silly get     'cf-cache-status': 'HIT',
21 silly get     'cache-control': 'max-age=300',
21 silly get     'cf-ray': '47a103095d7f2957-DUB',
21 silly get     etag: 'W/"d015bcff2346759dad455b5b296c7bee"',
21 silly get     'expect-ct': 'max-age=604800, report-uri="https://report-uri.cloudflare.com/cdn-cgi/beacon/expect-ct"',
21 silly get     'last-modified': 'Sun, 11 Nov 2018 15:35:18 GMT',
21 silly get     vary: 'accept-encoding, accept',
21 silly get     'x-amz-meta-rev': '436-a14e6ff9cb1bb47fae6d03142d5edb02',
21 silly get     server: 'cloudflare',
21 silly get     'content-encoding': 'gzip' } ]
22 verbose get saving node to /Users/caoimhepersonal/.npm/registry.npmjs.org/node/.cache.json
23 verbose correctMkdir /Users/caoimhepersonal/.npm correctMkdir not in flight; initializing
24 silly install normalizeTree
25 silly loadCurrentTree Finishing
26 silly loadIdealTree Starting
27 silly install loadIdealTree
28 silly cloneCurrentTree Starting
29 silly install cloneCurrentTreeToIdealTree
30 silly cloneCurrentTree Finishing
31 silly loadShrinkwrap Starting
32 silly install loadShrinkwrap
33 silly loadShrinkwrap Finishing
34 silly loadAllDepsIntoIdealTree Starting
35 silly install loadAllDepsIntoIdealTree
36 silly resolveWithNewModule node@11.1.0 checking installable status
37 silly cache add args [ 'node', null ]
38 verbose cache add spec node
39 silly cache add parsed spec Result {
39 silly cache add   raw: 'node',
39 silly cache add   scope: null,
39 silly cache add   escapedName: 'node',
39 silly cache add   name: 'node',
39 silly cache add   rawSpec: '',
39 silly cache add   spec: 'latest',
39 silly cache add   type: 'tag' }
40 silly addNamed node@latest
41 verbose addNamed "latest" is being treated as a dist-tag for node
42 info addNameTag [ 'node', 'latest' ]
43 silly mapToRegistry name node
44 silly mapToRegistry using default registry
45 silly mapToRegistry registry https://registry.npmjs.org/
46 silly mapToRegistry data Result {
46 silly mapToRegistry   raw: 'node',
46 silly mapToRegistry   scope: null,
46 silly mapToRegistry   escapedName: 'node',
46 silly mapToRegistry   name: 'node',
46 silly mapToRegistry   rawSpec: '',
46 silly mapToRegistry   spec: 'latest',
46 silly mapToRegistry   type: 'tag' }
47 silly mapToRegistry uri https://registry.npmjs.org/node
48 verbose addNameTag registry:https://registry.npmjs.org/node not in flight; fetching
49 verbose get https://registry.npmjs.org/node not expired, no request
50 silly addNameTag next cb for node with tag latest
51 silly addNamed node@11.1.0
52 verbose addNamed "11.1.0" is a plain semver version for node
53 silly mapToRegistry name node
54 silly mapToRegistry using default registry
55 silly mapToRegistry registry https://registry.npmjs.org/
56 silly mapToRegistry data Result {
56 silly mapToRegistry   raw: 'node',
56 silly mapToRegistry   scope: null,
56 silly mapToRegistry   escapedName: 'node',
56 silly mapToRegistry   name: 'node',
56 silly mapToRegistry   rawSpec: '',
56 silly mapToRegistry   spec: 'latest',
56 silly mapToRegistry   type: 'tag' }
57 silly mapToRegistry uri https://registry.npmjs.org/node
58 verbose addRemoteTarball https://registry.npmjs.org/node/-/node-11.1.0.tgz not in flight; adding
59 verbose addRemoteTarball [ 'https://registry.npmjs.org/node/-/node-11.1.0.tgz',
59 verbose addRemoteTarball   '2ba9e4184007841b42d17fd2fe1dbaa36467db02' ]
60 info retry fetch attempt 1 at 10:25:05 AM
61 info attempt registry request try #1 at 10:25:05 AM
62 http fetch GET https://registry.npmjs.org/node/-/node-11.1.0.tgz
63 http fetch 200 https://registry.npmjs.org/node/-/node-11.1.0.tgz
64 silly fetchAndShaCheck shasum 2ba9e4184007841b42d17fd2fe1dbaa36467db02
65 verbose addTmpTarball /var/folders/6j/jt9mmqpd6y7gxw21wmh0fxpr0000gp/T/npm-29550-2e67829f/registry.npmjs.org/node/-/node-11.1.0.tgz not in flight; adding
66 verbose addTmpTarball already have metadata; skipping unpack for node@11.1.0
67 verbose correctMkdir /Users/caoimhepersonal/.npm correctMkdir not in flight; initializing
68 silly cache afterAdd node@11.1.0
69 verbose afterAdd /Users/caoimhepersonal/.npm/node/11.1.0/package/package.json not in flight; writing
70 verbose correctMkdir /Users/caoimhepersonal/.npm correctMkdir not in flight; initializing
71 verbose afterAdd /Users/caoimhepersonal/.npm/node/11.1.0/package/package.json written
72 silly fetchNamedPackageData node-bin-setup
73 silly mapToRegistry name node-bin-setup
74 silly mapToRegistry using default registry
75 silly mapToRegistry registry https://registry.npmjs.org/
76 silly mapToRegistry data Result {
76 silly mapToRegistry   raw: 'node-bin-setup',
76 silly mapToRegistry   scope: null,
76 silly mapToRegistry   escapedName: 'node-bin-setup',
76 silly mapToRegistry   name: 'node-bin-setup',
76 silly mapToRegistry   rawSpec: '',
76 silly mapToRegistry   spec: 'latest',
76 silly mapToRegistry   type: 'tag' }
77 silly mapToRegistry uri https://registry.npmjs.org/node-bin-setup
78 verbose request uri https://registry.npmjs.org/node-bin-setup
79 verbose request no auth needed
80 info attempt registry request try #1 at 10:25:05 AM
81 http request GET https://registry.npmjs.org/node-bin-setup
82 http 200 https://registry.npmjs.org/node-bin-setup
83 verbose headers { date: 'Thu, 15 Nov 2018 10:25:05 GMT',
83 verbose headers   'content-type': 'application/json; charset=UTF-8',
83 verbose headers   'transfer-encoding': 'chunked',
83 verbose headers   connection: 'keep-alive',
83 verbose headers   'set-cookie': [ '__cfduid=dd12da5df53d607bac7d573d5754390501542277505; expires=Fri, 15-Nov-19 10:25:05 GMT; path=/; domain=.registry.npmjs.org; HttpOnly' ],
83 verbose headers   'cf-cache-status': 'HIT',
83 verbose headers   'cache-control': 'max-age=300',
83 verbose headers   'cf-ray': '47a1030b7e3a2957-DUB',
83 verbose headers   etag: 'W/"696d6ec470fda56a33885508a280edab"',
83 verbose headers   'expect-ct': 'max-age=604800, report-uri="https://report-uri.cloudflare.com/cdn-cgi/beacon/expect-ct"',
83 verbose headers   'last-modified': 'Sun, 27 May 2018 09:55:03 GMT',
83 verbose headers   vary: 'accept-encoding, accept',
83 verbose headers   server: 'cloudflare',
83 verbose headers   'content-encoding': 'gzip' }
84 silly get cb [ 200,
84 silly get   { date: 'Thu, 15 Nov 2018 10:25:05 GMT',
84 silly get     'content-type': 'application/json; charset=UTF-8',
84 silly get     'transfer-encoding': 'chunked',
84 silly get     connection: 'keep-alive',
84 silly get     'set-cookie': [ '__cfduid=dd12da5df53d607bac7d573d5754390501542277505; expires=Fri, 15-Nov-19 10:25:05 GMT; path=/; domain=.registry.npmjs.org; HttpOnly' ],
84 silly get     'cf-cache-status': 'HIT',
84 silly get     'cache-control': 'max-age=300',
84 silly get     'cf-ray': '47a1030b7e3a2957-DUB',
84 silly get     etag: 'W/"696d6ec470fda56a33885508a280edab"',
84 silly get     'expect-ct': 'max-age=604800, report-uri="https://report-uri.cloudflare.com/cdn-cgi/beacon/expect-ct"',
84 silly get     'last-modified': 'Sun, 27 May 2018 09:55:03 GMT',
84 silly get     vary: 'accept-encoding, accept',
84 silly get     server: 'cloudflare',
84 silly get     'content-encoding': 'gzip' } ]
85 verbose get saving node-bin-setup to /Users/caoimhepersonal/.npm/registry.npmjs.org/node-bin-setup/.cache.json
86 verbose correctMkdir /Users/caoimhepersonal/.npm correctMkdir not in flight; initializing
87 silly resolveWithNewModule node-bin-setup@1.0.6 checking installable status
88 silly cache add args [ 'node-bin-setup@^1.0.0', null ]
89 verbose cache add spec node-bin-setup@^1.0.0
90 silly cache add parsed spec Result {
90 silly cache add   raw: 'node-bin-setup@^1.0.0',
90 silly cache add   scope: null,
90 silly cache add   escapedName: 'node-bin-setup',
90 silly cache add   name: 'node-bin-setup',
90 silly cache add   rawSpec: '^1.0.0',
90 silly cache add   spec: '>=1.0.0 <2.0.0',
90 silly cache add   type: 'range' }
91 silly addNamed node-bin-setup@>=1.0.0 <2.0.0
92 verbose addNamed ">=1.0.0 <2.0.0" is a valid semver range for node-bin-setup
93 silly addNameRange { name: 'node-bin-setup',
93 silly addNameRange   range: '>=1.0.0 <2.0.0',
93 silly addNameRange   hasData: false }
94 silly mapToRegistry name node-bin-setup
95 silly mapToRegistry using default registry
96 silly mapToRegistry registry https://registry.npmjs.org/
97 silly mapToRegistry data Result {
97 silly mapToRegistry   raw: 'node-bin-setup',
97 silly mapToRegistry   scope: null,
97 silly mapToRegistry   escapedName: 'node-bin-setup',
97 silly mapToRegistry   name: 'node-bin-setup',
97 silly mapToRegistry   rawSpec: '',
97 silly mapToRegistry   spec: 'latest',
97 silly mapToRegistry   type: 'tag' }
98 silly mapToRegistry uri https://registry.npmjs.org/node-bin-setup
99 verbose addNameRange registry:https://registry.npmjs.org/node-bin-setup not in flight; fetching
100 verbose get https://registry.npmjs.org/node-bin-setup not expired, no request
101 silly addNameRange number 2 { name: 'node-bin-setup',
101 silly addNameRange   range: '>=1.0.0 <2.0.0',
101 silly addNameRange   hasData: true }
102 silly addNameRange versions [ 'node-bin-setup',
102 silly addNameRange   [ '1.0.0', '1.0.1', '1.0.2', '1.0.3', '1.0.4', '1.0.6' ] ]
103 silly addNamed node-bin-setup@1.0.6
104 verbose addNamed "1.0.6" is a plain semver version for node-bin-setup
105 silly mapToRegistry name node-bin-setup
106 silly mapToRegistry using default registry
107 silly mapToRegistry registry https://registry.npmjs.org/
108 silly mapToRegistry data Result {
108 silly mapToRegistry   raw: 'node-bin-setup',
108 silly mapToRegistry   scope: null,
108 silly mapToRegistry   escapedName: 'node-bin-setup',
108 silly mapToRegistry   name: 'node-bin-setup',
108 silly mapToRegistry   rawSpec: '',
108 silly mapToRegistry   spec: 'latest',
108 silly mapToRegistry   type: 'tag' }
109 silly mapToRegistry uri https://registry.npmjs.org/node-bin-setup
110 verbose addRemoteTarball https://registry.npmjs.org/node-bin-setup/-/node-bin-setup-1.0.6.tgz not in flight; adding
111 verbose addRemoteTarball [ 'https://registry.npmjs.org/node-bin-setup/-/node-bin-setup-1.0.6.tgz',
111 verbose addRemoteTarball   '4b5c9bb937ece702d7069b36ca78af4684677528' ]
112 info retry fetch attempt 1 at 10:25:05 AM
113 info attempt registry request try #1 at 10:25:05 AM
114 http fetch GET https://registry.npmjs.org/node-bin-setup/-/node-bin-setup-1.0.6.tgz
115 http fetch 200 https://registry.npmjs.org/node-bin-setup/-/node-bin-setup-1.0.6.tgz
116 silly fetchAndShaCheck shasum 4b5c9bb937ece702d7069b36ca78af4684677528
117 verbose addTmpTarball /var/folders/6j/jt9mmqpd6y7gxw21wmh0fxpr0000gp/T/npm-29550-2e67829f/registry.npmjs.org/node-bin-setup/-/node-bin-setup-1.0.6.tgz not in flight; adding
118 verbose addTmpTarball already have metadata; skipping unpack for node-bin-setup@1.0.6
119 verbose correctMkdir /Users/caoimhepersonal/.npm correctMkdir not in flight; initializing
120 silly cache afterAdd node-bin-setup@1.0.6
121 verbose afterAdd /Users/caoimhepersonal/.npm/node-bin-setup/1.0.6/package/package.json not in flight; writing
122 verbose correctMkdir /Users/caoimhepersonal/.npm correctMkdir not in flight; initializing
123 verbose afterAdd /Users/caoimhepersonal/.npm/node-bin-setup/1.0.6/package/package.json written
124 silly loadAllDepsIntoIdealTree Finishing
125 silly loadIdealTree Finishing
126 silly currentTree bodynamics-new@0.1.0
126 silly currentTree ├── abbrev@1.1.1
126 silly currentTree ├── ajv@6.5.5
126 silly currentTree ├── align-text@0.1.4
126 silly currentTree ├── amdefine@1.0.1
126 silly currentTree ├── ansi-regex@2.1.1
126 silly currentTree ├── ansi-styles@2.2.1
126 silly currentTree ├── aproba@1.2.0
126 silly currentTree ├─┬ are-we-there-yet@1.1.5
126 silly currentTree │ ├── isarray@1.0.0
126 silly currentTree │ ├── readable-stream@2.3.6
126 silly currentTree │ └── string_decoder@1.1.1
126 silly currentTree ├── argh@0.1.4
126 silly currentTree ├─┬ argparse@0.1.16
126 silly currentTree │ └── underscore.string@2.4.0
126 silly currentTree ├── array-find-index@1.0.2
126 silly currentTree ├── asn1@0.2.4
126 silly currentTree ├── assert-plus@0.2.0
126 silly currentTree ├── async-foreach@0.1.3
126 silly currentTree ├── async@0.1.22
126 silly currentTree ├── asynckit@0.4.0
126 silly currentTree ├── aws-sign2@0.6.0
126 silly currentTree ├── aws4@1.8.0
126 silly currentTree ├── balanced-match@1.0.0
126 silly currentTree ├── bcrypt-pbkdf@1.0.2
126 silly currentTree ├── block-stream@0.0.9
126 silly currentTree ├── bluebird@3.5.2
126 silly currentTree ├── body@5.1.0
126 silly currentTree ├── boom@2.10.1
126 silly currentTree ├── brace-expansion@1.1.11
126 silly currentTree ├── browserify-zlib@0.1.4
126 silly currentTree ├── buffer-from@1.1.1
126 silly currentTree ├── builtin-modules@1.1.1
126 silly currentTree ├── bytes@1.0.0
126 silly currentTree ├─┬ camelcase-keys@2.1.0
126 silly currentTree │ └── camelcase@2.1.1
126 silly currentTree ├── camelcase@1.2.1
126 silly currentTree ├── camelify@0.0.2
126 silly currentTree ├── caseless@0.11.0
126 silly currentTree ├── center-align@0.1.3
126 silly currentTree ├── chalk@1.1.3
126 silly currentTree ├─┬ clean-css@4.2.1
126 silly currentTree │ └── source-map@0.6.1
126 silly currentTree ├── clean-yaml-object@0.1.0
126 silly currentTree ├─┬ cli@0.6.6
126 silly currentTree │ ├── glob@3.2.11
126 silly currentTree │ └── minimatch@0.3.0
126 silly currentTree ├── cliui@2.1.0
126 silly currentTree ├── code-point-at@1.1.0
126 silly currentTree ├── coffee-script@1.3.3
126 silly currentTree ├── color-convert@1.9.3
126 silly currentTree ├── color-name@1.1.3
126 silly currentTree ├── color-support@1.1.3
126 silly currentTree ├── colors@0.6.2
126 silly currentTree ├── combined-stream@1.0.7
126 silly currentTree ├── commander@2.19.0
126 silly currentTree ├── concat-map@0.0.1
126 silly currentTree ├─┬ concat-stream@1.6.2
126 silly currentTree │ ├── isarray@1.0.0
126 silly currentTree │ ├── readable-stream@2.3.6
126 silly currentTree │ └── string_decoder@1.1.1
126 silly currentTree ├── console-browserify@1.1.0
126 silly currentTree ├── console-control-strings@1.1.0
126 silly currentTree ├── continuable-cache@0.3.1
126 silly currentTree ├── core-util-is@1.0.2
126 silly currentTree ├─┬ coveralls@2.13.3
126 silly currentTree │ ├── argparse@1.0.10
126 silly currentTree │ ├── esprima@2.7.3
126 silly currentTree │ └── js-yaml@3.6.1
126 silly currentTree ├─┬ cross-spawn@4.0.2
126 silly currentTree │ ├── isexe@2.0.0
126 silly currentTree │ ├── lru-cache@4.1.3
126 silly currentTree │ └── which@1.3.1
126 silly currentTree ├── cryptiles@2.0.5
126 silly currentTree ├── currently-unhandled@0.4.1
126 silly currentTree ├─┬ dashdash@1.14.1
126 silly currentTree │ └── assert-plus@1.0.0
126 silly currentTree ├── date-now@0.1.4
126 silly currentTree ├── dateformat@1.0.2-1.2.3
126 silly currentTree ├── debug@2.6.9
126 silly currentTree ├── decamelize@1.2.0
126 silly currentTree ├── deeper@2.1.0
126 silly currentTree ├── delayed-stream@1.0.0
126 silly currentTree ├── delegates@1.0.0
126 silly currentTree ├── diff@1.4.0
126 silly currentTree ├─┬ dom-serializer@0.1.0
126 silly currentTree │ ├── domelementtype@1.1.3
126 silly currentTree │ └── entities@1.1.2
126 silly currentTree ├── domelementtype@1.2.1
126 silly currentTree ├── domhandler@2.3.0
126 silly currentTree ├── domutils@1.5.1
126 silly currentTree ├── duplexer@0.1.1
126 silly currentTree ├── ecc-jsbn@0.1.2
126 silly currentTree ├── entities@1.0.0
126 silly currentTree ├── error-ex@1.3.2
126 silly currentTree ├── error@7.0.2
126 silly currentTree ├── escape-string-regexp@1.0.5
126 silly currentTree ├── esprima@1.0.4
126 silly currentTree ├── eventemitter2@0.4.14
126 silly currentTree ├── events-to-array@1.1.2
126 silly currentTree ├── exit@0.1.2
126 silly currentTree ├── extend@3.0.2
126 silly currentTree ├── extsprintf@1.3.0
126 silly currentTree ├── fast-deep-equal@2.0.1
126 silly currentTree ├── fast-json-stable-stringify@2.0.0
126 silly currentTree ├── faye-websocket@0.10.0
126 silly currentTree ├── figures@1.7.0
126 silly currentTree ├── find-up@1.1.2
126 silly currentTree ├─┬ findup-sync@0.1.3
126 silly currentTree │ ├── glob@3.2.11
126 silly currentTree │ ├── lodash@2.4.2
126 silly currentTree │ └── minimatch@0.3.0
126 silly currentTree ├─┬ findup@0.1.5
126 silly currentTree │ └── commander@2.1.0
126 silly currentTree ├── foreground-child@1.5.6
126 silly currentTree ├── forever-agent@0.6.1
126 silly currentTree ├── form-data@2.1.4
126 silly currentTree ├── fs.realpath@1.0.0
126 silly currentTree ├─┬ fstream@1.0.11
126 silly currentTree │ └── graceful-fs@4.1.15
126 silly currentTree ├── gauge@2.7.4
126 silly currentTree ├── gaze@1.1.3
126 silly currentTree ├── generate-function@2.3.1
126 silly currentTree ├── generate-object-property@1.2.0
126 silly currentTree ├── get-caller-file@1.0.3
126 silly currentTree ├── get-stdin@4.0.1
126 silly currentTree ├── getobject@0.1.0
126 silly currentTree ├─┬ getpass@0.1.7
126 silly currentTree │ └── assert-plus@1.0.0
126 silly currentTree ├─┬ glob@3.1.21
126 silly currentTree │ └── inherits@1.0.2
126 silly currentTree ├─┬ globule@1.2.1
126 silly currentTree │ ├── glob@7.1.3
126 silly currentTree │ ├── lodash@4.17.11
126 silly currentTree │ └── minimatch@3.0.4
126 silly currentTree ├── graceful-fs@1.2.3
126 silly currentTree ├─┬ grunt-contrib-coffee@2.0.0
126 silly currentTree │ ├── coffeescript@2.3.2
126 silly currentTree │ └── lodash@4.17.11
126 silly currentTree ├── grunt-contrib-concat@1.0.1
126 silly currentTree ├─┬ grunt-contrib-cssmin@3.0.0
126 silly currentTree │ ├── ansi-styles@3.2.1
126 silly currentTree │ ├── chalk@2.4.1
126 silly currentTree │ ├── gzip-size@3.0.0
126 silly currentTree │ ├─┬ maxmin@2.1.0
126 silly currentTree │ │ ├── ansi-styles@2.2.1
126 silly currentTree │ │ ├── chalk@1.1.3
126 silly currentTree │ │ └── supports-color@2.0.0
126 silly currentTree │ ├── pretty-bytes@3.0.1
126 silly currentTree │ └── supports-color@5.5.0
126 silly currentTree ├── grunt-contrib-jshint@0.10.0
126 silly currentTree ├── grunt-contrib-nodeunit@0.4.1
126 silly currentTree ├─┬ grunt-contrib-uglify@0.5.1
126 silly currentTree │ ├── ansi-regex@0.2.1
126 silly currentTree │ ├── ansi-styles@1.1.0
126 silly currentTree │ ├── chalk@0.5.1
126 silly currentTree │ ├── has-ansi@0.1.0
126 silly currentTree │ ├── lodash@2.4.2
126 silly currentTree │ ├── strip-ansi@0.3.0
126 silly currentTree │ └── supports-color@0.2.0
126 silly currentTree ├─┬ grunt-contrib-watch@1.1.0
126 silly currentTree │ ├── async@2.6.1
126 silly currentTree │ └── lodash@4.17.11
126 silly currentTree ├─┬ grunt-legacy-log-utils@0.1.1
126 silly currentTree │ ├── lodash@2.4.2
126 silly currentTree │ └── underscore.string@2.3.3
126 silly currentTree ├─┬ grunt-legacy-log@0.1.3
126 silly currentTree │ ├── lodash@2.4.2
126 silly currentTree │ └── underscore.string@2.3.3
126 silly currentTree ├── grunt-legacy-util@0.2.0
126 silly currentTree ├── grunt-sass@3.0.2
126 silly currentTree ├── grunt@0.4.5
126 silly currentTree ├── gzip-size@0.2.0
126 silly currentTree ├── har-schema@2.0.0
126 silly currentTree ├── har-validator@2.0.6
126 silly currentTree ├── has-ansi@2.0.0
126 silly currentTree ├── has-flag@3.0.0
126 silly currentTree ├── has-unicode@2.0.1
126 silly currentTree ├── hawk@3.1.3
126 silly currentTree ├── hoek@2.16.3
126 silly currentTree ├── hooker@0.2.3
126 silly currentTree ├── hosted-git-info@2.7.1
126 silly currentTree ├── htmlparser2@3.8.3
126 silly currentTree ├── http-parser-js@0.5.0
126 silly currentTree ├── http-signature@1.1.1
126 silly currentTree ├── iconv-lite@0.2.11
126 silly currentTree ├── in-publish@2.0.0
126 silly currentTree ├── indent-string@2.1.0
126 silly currentTree ├── inflight@1.0.6
126 silly currentTree ├── inherits@2.0.3
126 silly currentTree ├── invert-kv@1.0.0
126 silly currentTree ├── is-arrayish@0.2.1
126 silly currentTree ├── is-buffer@1.1.6
126 silly currentTree ├── is-builtin-module@1.0.0
126 silly currentTree ├── is-finite@1.0.2
126 silly currentTree ├── is-fullwidth-code-point@1.0.0
126 silly currentTree ├── is-my-ip-valid@1.0.0
126 silly currentTree ├── is-my-json-valid@2.19.0
126 silly currentTree ├── is-property@1.0.2
126 silly currentTree ├── is-typedarray@1.0.0
126 silly currentTree ├── is-utf8@0.2.1
126 silly currentTree ├── isarray@0.0.1
126 silly currentTree ├── isexe@1.1.2
126 silly currentTree ├── isstream@0.1.2
126 silly currentTree ├── js-base64@2.4.9
126 silly currentTree ├── js-yaml@2.0.5
126 silly currentTree ├── jsbn@0.1.1
126 silly currentTree ├─┬ jshint@2.5.11
126 silly currentTree │ ├── minimatch@1.0.0
126 silly currentTree │ └── underscore@1.6.0
126 silly currentTree ├── json-schema-traverse@0.4.1
126 silly currentTree ├── json-schema@0.2.3
126 silly currentTree ├── json-stringify-safe@5.0.1
126 silly currentTree ├── jsonpointer@4.0.1
126 silly currentTree ├─┬ jsprim@1.4.1
126 silly currentTree │ └── assert-plus@1.0.0
126 silly currentTree ├── kind-of@3.2.2
126 silly currentTree ├── lazy-cache@1.0.4
126 silly currentTree ├── lcid@1.0.0
126 silly currentTree ├── lcov-parse@0.0.10
126 silly currentTree ├── livereload-js@2.3.0
126 silly currentTree ├─┬ load-json-file@1.1.0
126 silly currentTree │ └── graceful-fs@4.1.15
126 silly currentTree ├── lodash.assign@4.2.0
126 silly currentTree ├── lodash.clonedeep@4.5.0
126 silly currentTree ├── lodash.mergewith@4.6.1
126 silly currentTree ├── lodash@0.9.2
126 silly currentTree ├── log-driver@1.2.5
126 silly currentTree ├── longest@1.0.1
126 silly currentTree ├── loud-rejection@1.6.0
126 silly currentTree ├── lru-cache@2.7.3
126 silly currentTree ├── map-obj@1.0.1
126 silly currentTree ├─┬ maxmin@0.2.2
126 silly currentTree │ ├── ansi-regex@0.2.1
126 silly currentTree │ ├── ansi-styles@1.1.0
126 silly currentTree │ ├── chalk@0.5.1
126 silly currentTree │ ├── has-ansi@0.1.0
126 silly currentTree │ ├── strip-ansi@0.3.0
126 silly currentTree │ └── supports-color@0.2.0
126 silly currentTree ├── meow@3.7.0
126 silly currentTree ├── mime-db@1.37.0
126 silly currentTree ├── mime-types@2.1.21
126 silly currentTree ├── minimatch@0.2.14
126 silly currentTree ├── minimist@1.2.0
126 silly currentTree ├─┬ mkdirp@0.5.1
126 silly currentTree │ └── minimist@0.0.8
126 silly currentTree ├── ms@2.0.0
126 silly currentTree ├── nan@2.11.1
126 silly currentTree ├─┬ node-gyp@3.8.0
126 silly currentTree │ ├── assert-plus@1.0.0
126 silly currentTree │ ├── aws-sign2@0.7.0
126 silly currentTree │ ├── caseless@0.12.0
126 silly currentTree │ ├── form-data@2.3.3
126 silly currentTree │ ├── glob@7.1.3
126 silly currentTree │ ├── graceful-fs@4.1.15
126 silly currentTree │ ├── har-validator@5.1.3
126 silly currentTree │ ├── http-signature@1.2.0
126 silly currentTree │ ├── minimatch@3.0.4
126 silly currentTree │ ├── nopt@3.0.6
126 silly currentTree │ ├── oauth-sign@0.9.0
126 silly currentTree │ ├── qs@6.5.2
126 silly currentTree │ ├── request@2.88.0
126 silly currentTree │ ├── semver@5.3.0
126 silly currentTree │ ├── tough-cookie@2.4.3
126 silly currentTree │ └── tunnel-agent@0.6.0
126 silly currentTree ├─┬ node-sass@4.10.0
126 silly currentTree │ ├── assert-plus@1.0.0
126 silly currentTree │ ├── aws-sign2@0.7.0
126 silly currentTree │ ├── caseless@0.12.0
126 silly currentTree │ ├── cross-spawn@3.0.1
126 silly currentTree │ ├── form-data@2.3.3
126 silly currentTree │ ├── glob@7.1.3
126 silly currentTree │ ├── har-validator@5.1.3
126 silly currentTree │ ├── http-signature@1.2.0
126 silly currentTree │ ├── isexe@2.0.0
126 silly currentTree │ ├── lru-cache@4.1.3
126 silly currentTree │ ├── minimatch@3.0.4
126 silly currentTree │ ├── oauth-sign@0.9.0
126 silly currentTree │ ├── qs@6.5.2
126 silly currentTree │ ├── request@2.88.0
126 silly currentTree │ ├── tough-cookie@2.4.3
126 silly currentTree │ ├── tunnel-agent@0.6.0
126 silly currentTree │ └── which@1.3.1
126 silly currentTree ├── nodeunit@0.9.5
126 silly currentTree ├── nopt@1.0.10
126 silly currentTree ├── normalize-package-data@2.4.0
126 silly currentTree ├─┬ npm-sass@2.3.0
126 silly currentTree │ ├── glob@6.0.4
126 silly currentTree │ └── minimatch@3.0.4
126 silly currentTree ├── npmlog@4.1.2
126 silly currentTree ├── number-is-nan@1.0.1
126 silly currentTree ├─┬ nyc@7.1.0
126 silly currentTree │ ├── align-text@0.1.4
126 silly currentTree │ ├── amdefine@1.0.0
126 silly currentTree │ ├── ansi-regex@2.0.0
126 silly currentTree │ ├── ansi-styles@2.2.1
126 silly currentTree │ ├── append-transform@0.3.0
126 silly currentTree │ ├── arr-diff@2.0.0
126 silly currentTree │ ├── arr-flatten@1.0.1
126 silly currentTree │ ├── array-unique@0.2.1
126 silly currentTree │ ├── arrify@1.0.1
126 silly currentTree │ ├── async@1.5.2
126 silly currentTree │ ├── babel-code-frame@6.11.0
126 silly currentTree │ ├── babel-generator@6.11.4
126 silly currentTree │ ├── babel-messages@6.8.0
126 silly currentTree │ ├── babel-runtime@6.9.2
126 silly currentTree │ ├── babel-template@6.9.0
126 silly currentTree │ ├── babel-traverse@6.11.4
126 silly currentTree │ ├── babel-types@6.11.1
126 silly currentTree │ ├── babylon@6.8.4
126 silly currentTree │ ├── balanced-match@0.4.2
126 silly currentTree │ ├── brace-expansion@1.1.6
126 silly currentTree │ ├── braces@1.8.5
126 silly currentTree │ ├── builtin-modules@1.1.1
126 silly currentTree │ ├── caching-transform@1.0.1
126 silly currentTree │ ├── camelcase@1.2.1
126 silly currentTree │ ├── center-align@0.1.3
126 silly currentTree │ ├── chalk@1.1.3
126 silly currentTree │ ├─┬ cliui@2.1.0
126 silly currentTree │ │ └── wordwrap@0.0.2
126 silly currentTree │ ├── code-point-at@1.0.0
126 silly currentTree │ ├── commondir@1.0.1
126 silly currentTree │ ├── concat-map@0.0.1
126 silly currentTree │ ├── convert-source-map@1.3.0
126 silly currentTree │ ├── core-js@2.4.1
126 silly currentTree │ ├── cross-spawn@4.0.0
126 silly currentTree │ ├── debug@2.2.0
126 silly currentTree │ ├── decamelize@1.2.0
126 silly currentTree │ ├── default-require-extensions@1.0.0
126 silly currentTree │ ├─┬ detect-indent@3.0.1
126 silly currentTree │ │ └── minimist@1.2.0
126 silly currentTree │ ├── error-ex@1.3.0
126 silly currentTree │ ├── escape-string-regexp@1.0.5
126 silly currentTree │ ├── esutils@2.0.2
126 silly currentTree │ ├── expand-brackets@0.1.5
126 silly currentTree │ ├── expand-range@1.8.2
126 silly currentTree │ ├── extglob@0.3.2
126 silly currentTree │ ├── filename-regex@2.0.0
126 silly currentTree │ ├── fill-range@2.2.3
126 silly currentTree │ ├── find-cache-dir@0.1.1
126 silly currentTree │ ├── find-up@1.1.2
126 silly currentTree │ ├── for-in@0.1.5
126 silly currentTree │ ├── for-own@0.1.4
126 silly currentTree │ ├── foreground-child@1.5.3
126 silly currentTree │ ├── fs.realpath@1.0.0
126 silly currentTree │ ├── get-caller-file@1.0.1
126 silly currentTree │ ├── get-stdin@4.0.1
126 silly currentTree │ ├── glob-base@0.3.0
126 silly currentTree │ ├── glob-parent@2.0.0
126 silly currentTree │ ├── glob@7.0.5
126 silly currentTree │ ├── globals@8.18.0
126 silly currentTree │ ├── graceful-fs@4.1.4
126 silly currentTree │ ├─┬ handlebars@4.0.5
126 silly currentTree │ │ └── source-map@0.4.4
126 silly currentTree │ ├── has-ansi@2.0.0
126 silly currentTree │ ├── has-flag@1.0.0
126 silly currentTree │ ├── hosted-git-info@2.1.5
126 silly currentTree │ ├── imurmurhash@0.1.4
126 silly currentTree │ ├── inflight@1.0.5
126 silly currentTree │ ├── inherits@2.0.1
126 silly currentTree │ ├── invariant@2.2.1
126 silly currentTree │ ├── invert-kv@1.0.0
126 silly currentTree │ ├── is-arrayish@0.2.1
126 silly currentTree │ ├── is-buffer@1.1.3
126 silly currentTree │ ├── is-builtin-module@1.0.0
126 silly currentTree │ ├── is-dotfile@1.0.2
126 silly currentTree │ ├── is-equal-shallow@0.1.3
126 silly currentTree │ ├── is-extendable@0.1.1
126 silly currentTree │ ├── is-extglob@1.0.0
126 silly currentTree │ ├── is-finite@1.0.1
126 silly currentTree │ ├── is-fullwidth-code-point@1.0.0
126 silly currentTree │ ├── is-glob@2.0.1
126 silly currentTree │ ├── is-number@2.1.0
126 silly currentTree │ ├── is-posix-bracket@0.1.1
126 silly currentTree │ ├── is-primitive@2.0.0
126 silly currentTree │ ├── is-utf8@0.2.1
126 silly currentTree │ ├── isarray@1.0.0
126 silly currentTree │ ├── isexe@1.1.2
126 silly currentTree │ ├── isobject@2.1.0
126 silly currentTree │ ├── istanbul-lib-coverage@1.0.0-alpha.4
126 silly currentTree │ ├── istanbul-lib-hook@1.0.0-alpha.4
126 silly currentTree │ ├── istanbul-lib-instrument@1.1.0-alpha.4
126 silly currentTree │ ├─┬ istanbul-lib-report@1.0.0-alpha.3
126 silly currentTree │ │ └── supports-color@3.1.2
126 silly currentTree │ ├── istanbul-lib-source-maps@1.0.0-alpha.10
126 silly currentTree │ ├── istanbul-reports@1.0.0-alpha.8
126 silly currentTree │ ├── js-tokens@2.0.0
126 silly currentTree │ ├── kind-of@3.0.3
126 silly currentTree │ ├── lazy-cache@1.0.4
126 silly currentTree │ ├── lcid@1.0.0
126 silly currentTree │ ├── load-json-file@1.1.0
126 silly currentTree │ ├── lodash.assign@4.0.9
126 silly currentTree │ ├── lodash.keys@4.0.7
126 silly currentTree │ ├── lodash.rest@4.0.3
126 silly currentTree │ ├── lodash@4.13.1
126 silly currentTree │ ├── longest@1.0.1
126 silly currentTree │ ├─┬ loose-envify@1.2.0
126 silly currentTree │ │ └── js-tokens@1.0.3
126 silly currentTree │ ├── lru-cache@4.0.1
126 silly currentTree │ ├── md5-hex@1.3.0
126 silly currentTree │ ├── md5-o-matic@0.1.1
126 silly currentTree │ ├── micromatch@2.3.11
126 silly currentTree │ ├── minimatch@3.0.2
126 silly currentTree │ ├── minimist@0.0.8
126 silly currentTree │ ├── mkdirp@0.5.1
126 silly currentTree │ ├── ms@0.7.1
126 silly currentTree │ ├── normalize-package-data@2.3.5
126 silly currentTree │ ├── normalize-path@2.0.1
126 silly currentTree │ ├── number-is-nan@1.0.0
126 silly currentTree │ ├── object.omit@2.0.0
126 silly currentTree │ ├── once@1.3.3
126 silly currentTree │ ├── optimist@0.6.1
126 silly currentTree │ ├── os-homedir@1.0.1
126 silly currentTree │ ├── os-locale@1.4.0
126 silly currentTree │ ├── parse-glob@3.0.4
126 silly currentTree │ ├── parse-json@2.2.0
126 silly currentTree │ ├── path-exists@2.1.0
126 silly currentTree │ ├── path-is-absolute@1.0.0
126 silly currentTree │ ├── path-parse@1.0.5
126 silly currentTree │ ├── path-type@1.1.0
126 silly currentTree │ ├── pify@2.3.0
126 silly currentTree │ ├── pinkie-promise@2.0.1
126 silly currentTree │ ├── pinkie@2.0.4
126 silly currentTree │ ├── pkg-dir@1.0.0
126 silly currentTree │ ├── pkg-up@1.0.0
126 silly currentTree │ ├── preserve@0.2.0
126 silly currentTree │ ├── pseudomap@1.0.2
126 silly currentTree │ ├── randomatic@1.1.5
126 silly currentTree │ ├── read-pkg-up@1.0.1
126 silly currentTree │ ├── read-pkg@1.1.0
126 silly currentTree │ ├── regenerator-runtime@0.9.5
126 silly currentTree │ ├── regex-cache@0.4.3
126 silly currentTree │ ├── repeat-element@1.1.2
126 silly currentTree │ ├── repeat-string@1.5.4
126 silly currentTree │ ├── repeating@1.1.3
126 silly currentTree │ ├── require-directory@2.1.1
126 silly currentTree │ ├── require-main-filename@1.0.1
126 silly currentTree │ ├── resolve-from@2.0.0
126 silly currentTree │ ├── right-align@0.1.3
126 silly currentTree │ ├── rimraf@2.5.4
126 silly currentTree │ ├── semver@5.3.0
126 silly currentTree │ ├── set-blocking@2.0.0
126 silly currentTree │ ├── signal-exit@3.0.0
126 silly currentTree │ ├── slide@1.1.6
126 silly currentTree │ ├── source-map@0.5.6
126 silly currentTree │ ├─┬ spawn-wrap@1.2.4
126 silly currentTree │ │ └── signal-exit@2.1.2
126 silly currentTree │ ├── spdx-correct@1.0.2
126 silly currentTree │ ├── spdx-exceptions@1.0.5
126 silly currentTree │ ├── spdx-expression-parse@1.0.2
126 silly currentTree │ ├── spdx-license-ids@1.2.1
126 silly currentTree │ ├── string-width@1.0.1
126 silly currentTree │ ├── strip-ansi@3.0.1
126 silly currentTree │ ├── strip-bom@2.0.0
126 silly currentTree │ ├── supports-color@2.0.0
126 silly currentTree │ ├── test-exclude@1.1.0
126 silly currentTree │ ├── to-fast-properties@1.0.2
126 silly currentTree │ ├─┬ uglify-js@2.7.0
126 silly currentTree │ │ ├── async@0.2.10
126 silly currentTree │ │ └── yargs@3.10.0
126 silly currentTree │ ├── uglify-to-browserify@1.0.2
126 silly currentTree │ ├── validate-npm-package-license@3.0.1
126 silly currentTree │ ├── which-module@1.0.0
126 silly currentTree │ ├── which@1.2.10
126 silly currentTree │ ├── window-size@0.1.0
126 silly currentTree │ ├── wordwrap@0.0.3
126 silly currentTree │ ├── wrap-ansi@2.0.0
126 silly currentTree │ ├── wrappy@1.0.2
126 silly currentTree │ ├── write-file-atomic@1.1.4
126 silly currentTree │ ├── y18n@3.2.1
126 silly currentTree │ ├── yallist@2.0.0
126 silly currentTree │ ├─┬ yargs-parser@2.4.1
126 silly currentTree │ │ └── camelcase@3.0.0
126 silly currentTree │ └─┬ yargs@4.8.1
126 silly currentTree │   ├── cliui@3.2.0
126 silly currentTree │   └── window-size@0.2.0
126 silly currentTree ├── oauth-sign@0.8.2
126 silly currentTree ├── object-assign@4.1.1
126 silly currentTree ├── once@1.4.0
126 silly currentTree ├── only-shallow@1.2.0
126 silly currentTree ├── opener@1.5.1
126 silly currentTree ├── os-homedir@1.0.1
126 silly currentTree ├── os-locale@1.4.0
126 silly currentTree ├── os-tmpdir@1.0.2
126 silly currentTree ├── osenv@0.1.5
126 silly currentTree ├── pako@0.2.9
126 silly currentTree ├── parse-json@2.2.0
126 silly currentTree ├── path-exists@2.1.0
126 silly currentTree ├── path-is-absolute@1.0.1
126 silly currentTree ├─┬ path-type@1.1.0
126 silly currentTree │ └── graceful-fs@4.1.15
126 silly currentTree ├── performance-now@2.1.0
126 silly currentTree ├── pify@2.3.0
126 silly currentTree ├── pinkie-promise@2.0.1
126 silly currentTree ├── pinkie@2.0.4
126 silly currentTree ├── pretty-bytes@0.1.2
126 silly currentTree ├── process-nextick-args@2.0.0
126 silly currentTree ├── pseudomap@1.0.2
126 silly currentTree ├── psl@1.1.29
126 silly currentTree ├── punycode@1.4.1
126 silly currentTree ├── qs@6.3.2
126 silly currentTree ├── raw-body@1.1.7
126 silly currentTree ├── read-pkg-up@1.0.1
126 silly currentTree ├── read-pkg@1.1.0
126 silly currentTree ├── readable-stream@1.1.14
126 silly currentTree ├── README.md
126 silly currentTree ├── redent@1.0.0
126 silly currentTree ├── repeat-string@1.6.1
126 silly currentTree ├── repeating@2.0.1
126 silly currentTree ├── request@2.79.0
126 silly currentTree ├── require-directory@2.1.1
126 silly currentTree ├── require-main-filename@1.0.1
126 silly currentTree ├── right-align@0.1.3
126 silly currentTree ├── rimraf@2.2.8
126 silly currentTree ├── safe-buffer@5.1.2
126 silly currentTree ├── safe-json-parse@1.0.1
126 silly currentTree ├── safer-buffer@2.1.2
126 silly currentTree ├─┬ sass-graph@2.2.4
126 silly currentTree │ ├── camelcase@3.0.0
126 silly currentTree │ ├── cliui@3.2.0
126 silly currentTree │ ├── glob@7.1.3
126 silly currentTree │ ├── lodash@4.17.11
126 silly currentTree │ ├── minimatch@3.0.4
126 silly currentTree │ └── yargs@7.1.0
126 silly currentTree ├─┬ scss-tokenizer@0.2.3
126 silly currentTree │ └── source-map@0.4.4
126 silly currentTree ├── semver@5.6.0
126 silly currentTree ├── set-blocking@2.0.0
126 silly currentTree ├── shelljs@0.3.0
126 silly currentTree ├── sigmund@1.0.1
126 silly currentTree ├── signal-exit@3.0.2
126 silly currentTree ├── sntp@1.0.9
126 silly currentTree ├── source-map@0.5.7
126 silly currentTree ├── spdx-correct@3.0.2
126 silly currentTree ├── spdx-exceptions@2.2.0
126 silly currentTree ├── spdx-expression-parse@3.0.0
126 silly currentTree ├── spdx-license-ids@3.0.2
126 silly currentTree ├── sprintf-js@1.0.3
126 silly currentTree ├─┬ sshpk@1.15.1
126 silly currentTree │ └── assert-plus@1.0.0
126 silly currentTree ├── stack-utils@0.4.0
126 silly currentTree ├─┬ stdout-stream@1.4.1
126 silly currentTree │ ├── isarray@1.0.0
126 silly currentTree │ ├── readable-stream@2.3.6
126 silly currentTree │ └── string_decoder@1.1.1
126 silly currentTree ├── string_decoder@0.10.31
126 silly currentTree ├── string-template@0.2.1
126 silly currentTree ├── string-width@1.0.2
126 silly currentTree ├── stringstream@0.0.6
126 silly currentTree ├── strip-ansi@3.0.1
126 silly currentTree ├── strip-bom@2.0.0
126 silly currentTree ├── strip-indent@1.0.1
126 silly currentTree ├── strip-json-comments@1.0.4
126 silly currentTree ├── supports-color@2.0.0
126 silly currentTree ├─┬ tap-mocha-reporter@2.0.1
126 silly currentTree │ ├── argparse@1.0.10
126 silly currentTree │ ├── esprima@4.0.1
126 silly currentTree │ ├── glob@7.1.3
126 silly currentTree │ ├── isarray@1.0.0
126 silly currentTree │ ├── js-yaml@3.12.0
126 silly currentTree │ ├── minimatch@3.0.4
126 silly currentTree │ ├── readable-stream@2.3.6
126 silly currentTree │ └── string_decoder@1.1.1
126 silly currentTree ├─┬ tap-parser@2.2.3
126 silly currentTree │ ├── argparse@1.0.10
126 silly currentTree │ ├── esprima@4.0.1
126 silly currentTree │ ├── isarray@1.0.0
126 silly currentTree │ ├── js-yaml@3.12.0
126 silly currentTree │ ├── readable-stream@2.3.6
126 silly currentTree │ └── string_decoder@1.1.1
126 silly currentTree ├─┬ tap@7.1.2
126 silly currentTree │ ├── argparse@1.0.10
126 silly currentTree │ ├── esprima@4.0.1
126 silly currentTree │ ├── glob@7.1.3
126 silly currentTree │ ├── isarray@1.0.0
126 silly currentTree │ ├── js-yaml@3.12.0
126 silly currentTree │ ├── minimatch@3.0.4
126 silly currentTree │ ├── readable-stream@2.3.6
126 silly currentTree │ └── string_decoder@1.1.1
126 silly currentTree ├── tar@2.2.1
126 silly currentTree ├─┬ tiny-lr@1.1.1
126 silly currentTree │ ├── debug@3.2.6
126 silly currentTree │ ├── ms@2.1.1
126 silly currentTree │ └── qs@6.5.2
126 silly currentTree ├── tmatch@2.0.1
126 silly currentTree ├── tough-cookie@2.3.4
126 silly currentTree ├── trim-newlines@1.0.0
126 silly currentTree ├─┬ true-case-path@1.0.3
126 silly currentTree │ ├── glob@7.1.3
126 silly currentTree │ └── minimatch@3.0.4
126 silly currentTree ├── tunnel-agent@0.4.3
126 silly currentTree ├── tweetnacl@0.14.5
126 silly currentTree ├── typedarray@0.0.6
126 silly currentTree ├── uglify-js@2.8.29
126 silly currentTree ├── uglify-to-browserify@1.0.2
126 silly currentTree ├── underscore.string@2.2.1
126 silly currentTree ├── underscore@1.7.0
126 silly currentTree ├── unicode-length@1.0.3
126 silly currentTree ├─┬ uri-js@4.2.2
126 silly currentTree │ └── punycode@2.1.1
126 silly currentTree ├── uri-path@1.0.0
126 silly currentTree ├── util-deprecate@1.0.2
126 silly currentTree ├── uuid@3.3.2
126 silly currentTree ├── validate-npm-package-license@3.0.4
126 silly currentTree ├─┬ verror@1.10.0
126 silly currentTree │ └── assert-plus@1.0.0
126 silly currentTree ├── websocket-driver@0.7.0
126 silly currentTree ├── websocket-extensions@0.1.3
126 silly currentTree ├── which-module@1.0.0
126 silly currentTree ├── which@1.0.9
126 silly currentTree ├── wide-align@1.1.3
126 silly currentTree ├── window-size@0.1.0
126 silly currentTree ├── wordwrap@0.0.2
126 silly currentTree ├── wrap-ansi@2.1.0
126 silly currentTree ├── wrappy@1.0.2
126 silly currentTree ├── xtend@4.0.1
126 silly currentTree ├── y18n@3.2.1
126 silly currentTree ├── yallist@2.1.2
126 silly currentTree ├─┬ yargs-parser@5.0.0
126 silly currentTree │ └── camelcase@3.0.0
126 silly currentTree └── yargs@3.10.0
127 silly idealTree bodynamics-new@0.1.0
127 silly idealTree ├── abbrev@1.1.1
127 silly idealTree ├── ajv@6.5.5
127 silly idealTree ├── align-text@0.1.4
127 silly idealTree ├── amdefine@1.0.1
127 silly idealTree ├── ansi-regex@2.1.1
127 silly idealTree ├── ansi-styles@2.2.1
127 silly idealTree ├── aproba@1.2.0
127 silly idealTree ├─┬ are-we-there-yet@1.1.5
127 silly idealTree │ ├── isarray@1.0.0
127 silly idealTree │ ├── readable-stream@2.3.6
127 silly idealTree │ └── string_decoder@1.1.1
127 silly idealTree ├── argh@0.1.4
127 silly idealTree ├─┬ argparse@0.1.16
127 silly idealTree │ └── underscore.string@2.4.0
127 silly idealTree ├── array-find-index@1.0.2
127 silly idealTree ├── asn1@0.2.4
127 silly idealTree ├── assert-plus@0.2.0
127 silly idealTree ├── async-foreach@0.1.3
127 silly idealTree ├── async@0.1.22
127 silly idealTree ├── asynckit@0.4.0
127 silly idealTree ├── aws-sign2@0.6.0
127 silly idealTree ├── aws4@1.8.0
127 silly idealTree ├── balanced-match@1.0.0
127 silly idealTree ├── bcrypt-pbkdf@1.0.2
127 silly idealTree ├── block-stream@0.0.9
127 silly idealTree ├── bluebird@3.5.2
127 silly idealTree ├── body@5.1.0
127 silly idealTree ├── boom@2.10.1
127 silly idealTree ├── brace-expansion@1.1.11
127 silly idealTree ├── browserify-zlib@0.1.4
127 silly idealTree ├── buffer-from@1.1.1
127 silly idealTree ├── builtin-modules@1.1.1
127 silly idealTree ├── bytes@1.0.0
127 silly idealTree ├─┬ camelcase-keys@2.1.0
127 silly idealTree │ └── camelcase@2.1.1
127 silly idealTree ├── camelcase@1.2.1
127 silly idealTree ├── camelify@0.0.2
127 silly idealTree ├── caseless@0.11.0
127 silly idealTree ├── center-align@0.1.3
127 silly idealTree ├── chalk@1.1.3
127 silly idealTree ├─┬ clean-css@4.2.1
127 silly idealTree │ └── source-map@0.6.1
127 silly idealTree ├── clean-yaml-object@0.1.0
127 silly idealTree ├─┬ cli@0.6.6
127 silly idealTree │ ├── glob@3.2.11
127 silly idealTree │ └── minimatch@0.3.0
127 silly idealTree ├── cliui@2.1.0
127 silly idealTree ├── code-point-at@1.1.0
127 silly idealTree ├── coffee-script@1.3.3
127 silly idealTree ├── color-convert@1.9.3
127 silly idealTree ├── color-name@1.1.3
127 silly idealTree ├── color-support@1.1.3
127 silly idealTree ├── colors@0.6.2
127 silly idealTree ├── combined-stream@1.0.7
127 silly idealTree ├── commander@2.19.0
127 silly idealTree ├── concat-map@0.0.1
127 silly idealTree ├─┬ concat-stream@1.6.2
127 silly idealTree │ ├── isarray@1.0.0
127 silly idealTree │ ├── readable-stream@2.3.6
127 silly idealTree │ └── string_decoder@1.1.1
127 silly idealTree ├── console-browserify@1.1.0
127 silly idealTree ├── console-control-strings@1.1.0
127 silly idealTree ├── continuable-cache@0.3.1
127 silly idealTree ├── core-util-is@1.0.2
127 silly idealTree ├─┬ coveralls@2.13.3
127 silly idealTree │ ├── argparse@1.0.10
127 silly idealTree │ ├── esprima@2.7.3
127 silly idealTree │ └── js-yaml@3.6.1
127 silly idealTree ├─┬ cross-spawn@4.0.2
127 silly idealTree │ ├── isexe@2.0.0
127 silly idealTree │ ├── lru-cache@4.1.3
127 silly idealTree │ └── which@1.3.1
127 silly idealTree ├── cryptiles@2.0.5
127 silly idealTree ├── currently-unhandled@0.4.1
127 silly idealTree ├─┬ dashdash@1.14.1
127 silly idealTree │ └── assert-plus@1.0.0
127 silly idealTree ├── date-now@0.1.4
127 silly idealTree ├── dateformat@1.0.2-1.2.3
127 silly idealTree ├── debug@2.6.9
127 silly idealTree ├── decamelize@1.2.0
127 silly idealTree ├── deeper@2.1.0
127 silly idealTree ├── delayed-stream@1.0.0
127 silly idealTree ├── delegates@1.0.0
127 silly idealTree ├── diff@1.4.0
127 silly idealTree ├─┬ dom-serializer@0.1.0
127 silly idealTree │ ├── domelementtype@1.1.3
127 silly idealTree │ └── entities@1.1.2
127 silly idealTree ├── domelementtype@1.2.1
127 silly idealTree ├── domhandler@2.3.0
127 silly idealTree ├── domutils@1.5.1
127 silly idealTree ├── duplexer@0.1.1
127 silly idealTree ├── ecc-jsbn@0.1.2
127 silly idealTree ├── entities@1.0.0
127 silly idealTree ├── error-ex@1.3.2
127 silly idealTree ├── error@7.0.2
127 silly idealTree ├── escape-string-regexp@1.0.5
127 silly idealTree ├── esprima@1.0.4
127 silly idealTree ├── eventemitter2@0.4.14
127 silly idealTree ├── events-to-array@1.1.2
127 silly idealTree ├── exit@0.1.2
127 silly idealTree ├── extend@3.0.2
127 silly idealTree ├── extsprintf@1.3.0
127 silly idealTree ├── fast-deep-equal@2.0.1
127 silly idealTree ├── fast-json-stable-stringify@2.0.0
127 silly idealTree ├── faye-websocket@0.10.0
127 silly idealTree ├── figures@1.7.0
127 silly idealTree ├── find-up@1.1.2
127 silly idealTree ├─┬ findup-sync@0.1.3
127 silly idealTree │ ├── glob@3.2.11
127 silly idealTree │ ├── lodash@2.4.2
127 silly idealTree │ └── minimatch@0.3.0
127 silly idealTree ├─┬ findup@0.1.5
127 silly idealTree │ └── commander@2.1.0
127 silly idealTree ├── foreground-child@1.5.6
127 silly idealTree ├── forever-agent@0.6.1
127 silly idealTree ├── form-data@2.1.4
127 silly idealTree ├── fs.realpath@1.0.0
127 silly idealTree ├─┬ fstream@1.0.11
127 silly idealTree │ └── graceful-fs@4.1.15
127 silly idealTree ├── gauge@2.7.4
127 silly idealTree ├── gaze@1.1.3
127 silly idealTree ├── generate-function@2.3.1
127 silly idealTree ├── generate-object-property@1.2.0
127 silly idealTree ├── get-caller-file@1.0.3
127 silly idealTree ├── get-stdin@4.0.1
127 silly idealTree ├── getobject@0.1.0
127 silly idealTree ├─┬ getpass@0.1.7
127 silly idealTree │ └── assert-plus@1.0.0
127 silly idealTree ├─┬ glob@3.1.21
127 silly idealTree │ └── inherits@1.0.2
127 silly idealTree ├─┬ globule@1.2.1
127 silly idealTree │ ├── glob@7.1.3
127 silly idealTree │ ├── lodash@4.17.11
127 silly idealTree │ └── minimatch@3.0.4
127 silly idealTree ├── graceful-fs@1.2.3
127 silly idealTree ├─┬ grunt-contrib-coffee@2.0.0
127 silly idealTree │ ├── coffeescript@2.3.2
127 silly idealTree │ └── lodash@4.17.11
127 silly idealTree ├── grunt-contrib-concat@1.0.1
127 silly idealTree ├─┬ grunt-contrib-cssmin@3.0.0
127 silly idealTree │ ├── ansi-styles@3.2.1
127 silly idealTree │ ├── chalk@2.4.1
127 silly idealTree │ ├── gzip-size@3.0.0
127 silly idealTree │ ├─┬ maxmin@2.1.0
127 silly idealTree │ │ ├── ansi-styles@2.2.1
127 silly idealTree │ │ ├── chalk@1.1.3
127 silly idealTree │ │ └── supports-color@2.0.0
127 silly idealTree │ ├── pretty-bytes@3.0.1
127 silly idealTree │ └── supports-color@5.5.0
127 silly idealTree ├── grunt-contrib-jshint@0.10.0
127 silly idealTree ├── grunt-contrib-nodeunit@0.4.1
127 silly idealTree ├─┬ grunt-contrib-uglify@0.5.1
127 silly idealTree │ ├── ansi-regex@0.2.1
127 silly idealTree │ ├── ansi-styles@1.1.0
127 silly idealTree │ ├── chalk@0.5.1
127 silly idealTree │ ├── has-ansi@0.1.0
127 silly idealTree │ ├── lodash@2.4.2
127 silly idealTree │ ├── strip-ansi@0.3.0
127 silly idealTree │ └── supports-color@0.2.0
127 silly idealTree ├─┬ grunt-contrib-watch@1.1.0
127 silly idealTree │ ├── async@2.6.1
127 silly idealTree │ └── lodash@4.17.11
127 silly idealTree ├─┬ grunt-legacy-log-utils@0.1.1
127 silly idealTree │ ├── lodash@2.4.2
127 silly idealTree │ └── underscore.string@2.3.3
127 silly idealTree ├─┬ grunt-legacy-log@0.1.3
127 silly idealTree │ ├── lodash@2.4.2
127 silly idealTree │ └── underscore.string@2.3.3
127 silly idealTree ├── grunt-legacy-util@0.2.0
127 silly idealTree ├── grunt-sass@3.0.2
127 silly idealTree ├── grunt@0.4.5
127 silly idealTree ├── gzip-size@0.2.0
127 silly idealTree ├── har-schema@2.0.0
127 silly idealTree ├── har-validator@2.0.6
127 silly idealTree ├── has-ansi@2.0.0
127 silly idealTree ├── has-flag@3.0.0
127 silly idealTree ├── has-unicode@2.0.1
127 silly idealTree ├── hawk@3.1.3
127 silly idealTree ├── hoek@2.16.3
127 silly idealTree ├── hooker@0.2.3
127 silly idealTree ├── hosted-git-info@2.7.1
127 silly idealTree ├── htmlparser2@3.8.3
127 silly idealTree ├── http-parser-js@0.5.0
127 silly idealTree ├── http-signature@1.1.1
127 silly idealTree ├── iconv-lite@0.2.11
127 silly idealTree ├── in-publish@2.0.0
127 silly idealTree ├── indent-string@2.1.0
127 silly idealTree ├── inflight@1.0.6
127 silly idealTree ├── inherits@2.0.3
127 silly idealTree ├── invert-kv@1.0.0
127 silly idealTree ├── is-arrayish@0.2.1
127 silly idealTree ├── is-buffer@1.1.6
127 silly idealTree ├── is-builtin-module@1.0.0
127 silly idealTree ├── is-finite@1.0.2
127 silly idealTree ├── is-fullwidth-code-point@1.0.0
127 silly idealTree ├── is-my-ip-valid@1.0.0
127 silly idealTree ├── is-my-json-valid@2.19.0
127 silly idealTree ├── is-property@1.0.2
127 silly idealTree ├── is-typedarray@1.0.0
127 silly idealTree ├── is-utf8@0.2.1
127 silly idealTree ├── isarray@0.0.1
127 silly idealTree ├── isexe@1.1.2
127 silly idealTree ├── isstream@0.1.2
127 silly idealTree ├── js-base64@2.4.9
127 silly idealTree ├── js-yaml@2.0.5
127 silly idealTree ├── jsbn@0.1.1
127 silly idealTree ├─┬ jshint@2.5.11
127 silly idealTree │ ├── minimatch@1.0.0
127 silly idealTree │ └── underscore@1.6.0
127 silly idealTree ├── json-schema-traverse@0.4.1
127 silly idealTree ├── json-schema@0.2.3
127 silly idealTree ├── json-stringify-safe@5.0.1
127 silly idealTree ├── jsonpointer@4.0.1
127 silly idealTree ├─┬ jsprim@1.4.1
127 silly idealTree │ └── assert-plus@1.0.0
127 silly idealTree ├── kind-of@3.2.2
127 silly idealTree ├── lazy-cache@1.0.4
127 silly idealTree ├── lcid@1.0.0
127 silly idealTree ├── lcov-parse@0.0.10
127 silly idealTree ├── livereload-js@2.3.0
127 silly idealTree ├─┬ load-json-file@1.1.0
127 silly idealTree │ └── graceful-fs@4.1.15
127 silly idealTree ├── lodash.assign@4.2.0
127 silly idealTree ├── lodash.clonedeep@4.5.0
127 silly idealTree ├── lodash.mergewith@4.6.1
127 silly idealTree ├── lodash@0.9.2
127 silly idealTree ├── log-driver@1.2.5
127 silly idealTree ├── longest@1.0.1
127 silly idealTree ├── loud-rejection@1.6.0
127 silly idealTree ├── lru-cache@2.7.3
127 silly idealTree ├── map-obj@1.0.1
127 silly idealTree ├─┬ maxmin@0.2.2
127 silly idealTree │ ├── ansi-regex@0.2.1
127 silly idealTree │ ├── ansi-styles@1.1.0
127 silly idealTree │ ├── chalk@0.5.1
127 silly idealTree │ ├── has-ansi@0.1.0
127 silly idealTree │ ├── strip-ansi@0.3.0
127 silly idealTree │ └── supports-color@0.2.0
127 silly idealTree ├── meow@3.7.0
127 silly idealTree ├── mime-db@1.37.0
127 silly idealTree ├── mime-types@2.1.21
127 silly idealTree ├── minimatch@0.2.14
127 silly idealTree ├── minimist@1.2.0
127 silly idealTree ├─┬ mkdirp@0.5.1
127 silly idealTree │ └── minimist@0.0.8
127 silly idealTree ├── ms@2.0.0
127 silly idealTree ├── nan@2.11.1
127 silly idealTree ├── node-bin-setup@1.0.6
127 silly idealTree ├─┬ node-gyp@3.8.0
127 silly idealTree │ ├── assert-plus@1.0.0
127 silly idealTree │ ├── aws-sign2@0.7.0
127 silly idealTree │ ├── caseless@0.12.0
127 silly idealTree │ ├── form-data@2.3.3
127 silly idealTree │ ├── glob@7.1.3
127 silly idealTree │ ├── graceful-fs@4.1.15
127 silly idealTree │ ├── har-validator@5.1.3
127 silly idealTree │ ├── http-signature@1.2.0
127 silly idealTree │ ├── minimatch@3.0.4
127 silly idealTree │ ├── nopt@3.0.6
127 silly idealTree │ ├── oauth-sign@0.9.0
127 silly idealTree │ ├── qs@6.5.2
127 silly idealTree │ ├── request@2.88.0
127 silly idealTree │ ├── semver@5.3.0
127 silly idealTree │ ├── tough-cookie@2.4.3
127 silly idealTree │ └── tunnel-agent@0.6.0
127 silly idealTree ├─┬ node-sass@4.10.0
127 silly idealTree │ ├── assert-plus@1.0.0
127 silly idealTree │ ├── aws-sign2@0.7.0
127 silly idealTree │ ├── caseless@0.12.0
127 silly idealTree │ ├── cross-spawn@3.0.1
127 silly idealTree │ ├── form-data@2.3.3
127 silly idealTree │ ├── glob@7.1.3
127 silly idealTree │ ├── har-validator@5.1.3
127 silly idealTree │ ├── http-signature@1.2.0
127 silly idealTree │ ├── isexe@2.0.0
127 silly idealTree │ ├── lru-cache@4.1.3
127 silly idealTree │ ├── minimatch@3.0.4
127 silly idealTree │ ├── oauth-sign@0.9.0
127 silly idealTree │ ├── qs@6.5.2
127 silly idealTree │ ├── request@2.88.0
127 silly idealTree │ ├── tough-cookie@2.4.3
127 silly idealTree │ ├── tunnel-agent@0.6.0
127 silly idealTree │ └── which@1.3.1
127 silly idealTree ├── node@11.1.0
127 silly idealTree ├── nodeunit@0.9.5
127 silly idealTree ├── nopt@1.0.10
127 silly idealTree ├── normalize-package-data@2.4.0
127 silly idealTree ├─┬ npm-sass@2.3.0
127 silly idealTree │ ├── glob@6.0.4
127 silly idealTree │ └── minimatch@3.0.4
127 silly idealTree ├── npmlog@4.1.2
127 silly idealTree ├── number-is-nan@1.0.1
127 silly idealTree ├─┬ nyc@7.1.0
127 silly idealTree │ ├── align-text@0.1.4
127 silly idealTree │ ├── amdefine@1.0.0
127 silly idealTree │ ├── ansi-regex@2.0.0
127 silly idealTree │ ├── ansi-styles@2.2.1
127 silly idealTree │ ├── append-transform@0.3.0
127 silly idealTree │ ├── arr-diff@2.0.0
127 silly idealTree │ ├── arr-flatten@1.0.1
127 silly idealTree │ ├── array-unique@0.2.1
127 silly idealTree │ ├── arrify@1.0.1
127 silly idealTree │ ├── async@1.5.2
127 silly idealTree │ ├── babel-code-frame@6.11.0
127 silly idealTree │ ├── babel-generator@6.11.4
127 silly idealTree │ ├── babel-messages@6.8.0
127 silly idealTree │ ├── babel-runtime@6.9.2
127 silly idealTree │ ├── babel-template@6.9.0
127 silly idealTree │ ├── babel-traverse@6.11.4
127 silly idealTree │ ├── babel-types@6.11.1
127 silly idealTree │ ├── babylon@6.8.4
127 silly idealTree │ ├── balanced-match@0.4.2
127 silly idealTree │ ├── brace-expansion@1.1.6
127 silly idealTree │ ├── braces@1.8.5
127 silly idealTree │ ├── builtin-modules@1.1.1
127 silly idealTree │ ├── caching-transform@1.0.1
127 silly idealTree │ ├── camelcase@1.2.1
127 silly idealTree │ ├── center-align@0.1.3
127 silly idealTree │ ├── chalk@1.1.3
127 silly idealTree │ ├─┬ cliui@2.1.0
127 silly idealTree │ │ └── wordwrap@0.0.2
127 silly idealTree │ ├── code-point-at@1.0.0
127 silly idealTree │ ├── commondir@1.0.1
127 silly idealTree │ ├── concat-map@0.0.1
127 silly idealTree │ ├── convert-source-map@1.3.0
127 silly idealTree │ ├── core-js@2.4.1
127 silly idealTree │ ├── cross-spawn@4.0.0
127 silly idealTree │ ├── debug@2.2.0
127 silly idealTree │ ├── decamelize@1.2.0
127 silly idealTree │ ├── default-require-extensions@1.0.0
127 silly idealTree │ ├─┬ detect-indent@3.0.1
127 silly idealTree │ │ └── minimist@1.2.0
127 silly idealTree │ ├── error-ex@1.3.0
127 silly idealTree │ ├── escape-string-regexp@1.0.5
127 silly idealTree │ ├── esutils@2.0.2
127 silly idealTree │ ├── expand-brackets@0.1.5
127 silly idealTree │ ├── expand-range@1.8.2
127 silly idealTree │ ├── extglob@0.3.2
127 silly idealTree │ ├── filename-regex@2.0.0
127 silly idealTree │ ├── fill-range@2.2.3
127 silly idealTree │ ├── find-cache-dir@0.1.1
127 silly idealTree │ ├── find-up@1.1.2
127 silly idealTree │ ├── for-in@0.1.5
127 silly idealTree │ ├── for-own@0.1.4
127 silly idealTree │ ├── foreground-child@1.5.3
127 silly idealTree │ ├── fs.realpath@1.0.0
127 silly idealTree │ ├── get-caller-file@1.0.1
127 silly idealTree │ ├── get-stdin@4.0.1
127 silly idealTree │ ├── glob-base@0.3.0
127 silly idealTree │ ├── glob-parent@2.0.0
127 silly idealTree │ ├── glob@7.0.5
127 silly idealTree │ ├── globals@8.18.0
127 silly idealTree │ ├── graceful-fs@4.1.4
127 silly idealTree │ ├─┬ handlebars@4.0.5
127 silly idealTree │ │ └── source-map@0.4.4
127 silly idealTree │ ├── has-ansi@2.0.0
127 silly idealTree │ ├── has-flag@1.0.0
127 silly idealTree │ ├── hosted-git-info@2.1.5
127 silly idealTree │ ├── imurmurhash@0.1.4
127 silly idealTree │ ├── inflight@1.0.5
127 silly idealTree │ ├── inherits@2.0.1
127 silly idealTree │ ├── invariant@2.2.1
127 silly idealTree │ ├── invert-kv@1.0.0
127 silly idealTree │ ├── is-arrayish@0.2.1
127 silly idealTree │ ├── is-buffer@1.1.3
127 silly idealTree │ ├── is-builtin-module@1.0.0
127 silly idealTree │ ├── is-dotfile@1.0.2
127 silly idealTree │ ├── is-equal-shallow@0.1.3
127 silly idealTree │ ├── is-extendable@0.1.1
127 silly idealTree │ ├── is-extglob@1.0.0
127 silly idealTree │ ├── is-finite@1.0.1
127 silly idealTree │ ├── is-fullwidth-code-point@1.0.0
127 silly idealTree │ ├── is-glob@2.0.1
127 silly idealTree │ ├── is-number@2.1.0
127 silly idealTree │ ├── is-posix-bracket@0.1.1
127 silly idealTree │ ├── is-primitive@2.0.0
127 silly idealTree │ ├── is-utf8@0.2.1
127 silly idealTree │ ├── isarray@1.0.0
127 silly idealTree │ ├── isexe@1.1.2
127 silly idealTree │ ├── isobject@2.1.0
127 silly idealTree │ ├── istanbul-lib-coverage@1.0.0-alpha.4
127 silly idealTree │ ├── istanbul-lib-hook@1.0.0-alpha.4
127 silly idealTree │ ├── istanbul-lib-instrument@1.1.0-alpha.4
127 silly idealTree │ ├─┬ istanbul-lib-report@1.0.0-alpha.3
127 silly idealTree │ │ └── supports-color@3.1.2
127 silly idealTree │ ├── istanbul-lib-source-maps@1.0.0-alpha.10
127 silly idealTree │ ├── istanbul-reports@1.0.0-alpha.8
127 silly idealTree │ ├── js-tokens@2.0.0
127 silly idealTree │ ├── kind-of@3.0.3
127 silly idealTree │ ├── lazy-cache@1.0.4
127 silly idealTree │ ├── lcid@1.0.0
127 silly idealTree │ ├── load-json-file@1.1.0
127 silly idealTree │ ├── lodash.assign@4.0.9
127 silly idealTree │ ├── lodash.keys@4.0.7
127 silly idealTree │ ├── lodash.rest@4.0.3
127 silly idealTree │ ├── lodash@4.13.1
127 silly idealTree │ ├── longest@1.0.1
127 silly idealTree │ ├─┬ loose-envify@1.2.0
127 silly idealTree │ │ └── js-tokens@1.0.3
127 silly idealTree │ ├── lru-cache@4.0.1
127 silly idealTree │ ├── md5-hex@1.3.0
127 silly idealTree │ ├── md5-o-matic@0.1.1
127 silly idealTree │ ├── micromatch@2.3.11
127 silly idealTree │ ├── minimatch@3.0.2
127 silly idealTree │ ├── minimist@0.0.8
127 silly idealTree │ ├── mkdirp@0.5.1
127 silly idealTree │ ├── ms@0.7.1
127 silly idealTree │ ├── normalize-package-data@2.3.5
127 silly idealTree │ ├── normalize-path@2.0.1
127 silly idealTree │ ├── number-is-nan@1.0.0
127 silly idealTree │ ├── object.omit@2.0.0
127 silly idealTree │ ├── once@1.3.3
127 silly idealTree │ ├── optimist@0.6.1
127 silly idealTree │ ├── os-homedir@1.0.1
127 silly idealTree │ ├── os-locale@1.4.0
127 silly idealTree │ ├── parse-glob@3.0.4
127 silly idealTree │ ├── parse-json@2.2.0
127 silly idealTree │ ├── path-exists@2.1.0
127 silly idealTree │ ├── path-is-absolute@1.0.0
127 silly idealTree │ ├── path-parse@1.0.5
127 silly idealTree │ ├── path-type@1.1.0
127 silly idealTree │ ├── pify@2.3.0
127 silly idealTree │ ├── pinkie-promise@2.0.1
127 silly idealTree │ ├── pinkie@2.0.4
127 silly idealTree │ ├── pkg-dir@1.0.0
127 silly idealTree │ ├── pkg-up@1.0.0
127 silly idealTree │ ├── preserve@0.2.0
127 silly idealTree │ ├── pseudomap@1.0.2
127 silly idealTree │ ├── randomatic@1.1.5
127 silly idealTree │ ├── read-pkg-up@1.0.1
127 silly idealTree │ ├── read-pkg@1.1.0
127 silly idealTree │ ├── regenerator-runtime@0.9.5
127 silly idealTree │ ├── regex-cache@0.4.3
127 silly idealTree │ ├── repeat-element@1.1.2
127 silly idealTree │ ├── repeat-string@1.5.4
127 silly idealTree │ ├── repeating@1.1.3
127 silly idealTree │ ├── require-directory@2.1.1
127 silly idealTree │ ├── require-main-filename@1.0.1
127 silly idealTree │ ├── resolve-from@2.0.0
127 silly idealTree │ ├── right-align@0.1.3
127 silly idealTree │ ├── rimraf@2.5.4
127 silly idealTree │ ├── semver@5.3.0
127 silly idealTree │ ├── set-blocking@2.0.0
127 silly idealTree │ ├── signal-exit@3.0.0
127 silly idealTree │ ├── slide@1.1.6
127 silly idealTree │ ├── source-map@0.5.6
127 silly idealTree │ ├─┬ spawn-wrap@1.2.4
127 silly idealTree │ │ └── signal-exit@2.1.2
127 silly idealTree │ ├── spdx-correct@1.0.2
127 silly idealTree │ ├── spdx-exceptions@1.0.5
127 silly idealTree │ ├── spdx-expression-parse@1.0.2
127 silly idealTree │ ├── spdx-license-ids@1.2.1
127 silly idealTree │ ├── string-width@1.0.1
127 silly idealTree │ ├── strip-ansi@3.0.1
127 silly idealTree │ ├── strip-bom@2.0.0
127 silly idealTree │ ├── supports-color@2.0.0
127 silly idealTree │ ├── test-exclude@1.1.0
127 silly idealTree │ ├── to-fast-properties@1.0.2
127 silly idealTree │ ├─┬ uglify-js@2.7.0
127 silly idealTree │ │ ├── async@0.2.10
127 silly idealTree │ │ └── yargs@3.10.0
127 silly idealTree │ ├── uglify-to-browserify@1.0.2
127 silly idealTree │ ├── validate-npm-package-license@3.0.1
127 silly idealTree │ ├── which-module@1.0.0
127 silly idealTree │ ├── which@1.2.10
127 silly idealTree │ ├── window-size@0.1.0
127 silly idealTree │ ├── wordwrap@0.0.3
127 silly idealTree │ ├── wrap-ansi@2.0.0
127 silly idealTree │ ├── wrappy@1.0.2
127 silly idealTree │ ├── write-file-atomic@1.1.4
127 silly idealTree │ ├── y18n@3.2.1
127 silly idealTree │ ├── yallist@2.0.0
127 silly idealTree │ ├─┬ yargs-parser@2.4.1
127 silly idealTree │ │ └── camelcase@3.0.0
127 silly idealTree │ └─┬ yargs@4.8.1
127 silly idealTree │   ├── cliui@3.2.0
127 silly idealTree │   └── window-size@0.2.0
127 silly idealTree ├── oauth-sign@0.8.2
127 silly idealTree ├── object-assign@4.1.1
127 silly idealTree ├── once@1.4.0
127 silly idealTree ├── only-shallow@1.2.0
127 silly idealTree ├── opener@1.5.1
127 silly idealTree ├── os-homedir@1.0.1
127 silly idealTree ├── os-locale@1.4.0
127 silly idealTree ├── os-tmpdir@1.0.2
127 silly idealTree ├── osenv@0.1.5
127 silly idealTree ├── pako@0.2.9
127 silly idealTree ├── parse-json@2.2.0
127 silly idealTree ├── path-exists@2.1.0
127 silly idealTree ├── path-is-absolute@1.0.1
127 silly idealTree ├─┬ path-type@1.1.0
127 silly idealTree │ └── graceful-fs@4.1.15
127 silly idealTree ├── performance-now@2.1.0
127 silly idealTree ├── pify@2.3.0
127 silly idealTree ├── pinkie-promise@2.0.1
127 silly idealTree ├── pinkie@2.0.4
127 silly idealTree ├── pretty-bytes@0.1.2
127 silly idealTree ├── process-nextick-args@2.0.0
127 silly idealTree ├── pseudomap@1.0.2
127 silly idealTree ├── psl@1.1.29
127 silly idealTree ├── punycode@1.4.1
127 silly idealTree ├── qs@6.3.2
127 silly idealTree ├── raw-body@1.1.7
127 silly idealTree ├── read-pkg-up@1.0.1
127 silly idealTree ├── read-pkg@1.1.0
127 silly idealTree ├── readable-stream@1.1.14
127 silly idealTree ├── README.md
127 silly idealTree ├── redent@1.0.0
127 silly idealTree ├── repeat-string@1.6.1
127 silly idealTree ├── repeating@2.0.1
127 silly idealTree ├── request@2.79.0
127 silly idealTree ├── require-directory@2.1.1
127 silly idealTree ├── require-main-filename@1.0.1
127 silly idealTree ├── right-align@0.1.3
127 silly idealTree ├── rimraf@2.2.8
127 silly idealTree ├── safe-buffer@5.1.2
127 silly idealTree ├── safe-json-parse@1.0.1
127 silly idealTree ├── safer-buffer@2.1.2
127 silly idealTree ├─┬ sass-graph@2.2.4
127 silly idealTree │ ├── camelcase@3.0.0
127 silly idealTree │ ├── cliui@3.2.0
127 silly idealTree │ ├── glob@7.1.3
127 silly idealTree │ ├── lodash@4.17.11
127 silly idealTree │ ├── minimatch@3.0.4
127 silly idealTree │ └── yargs@7.1.0
127 silly idealTree ├─┬ scss-tokenizer@0.2.3
127 silly idealTree │ └── source-map@0.4.4
127 silly idealTree ├── semver@5.6.0
127 silly idealTree ├── set-blocking@2.0.0
127 silly idealTree ├── shelljs@0.3.0
127 silly idealTree ├── sigmund@1.0.1
127 silly idealTree ├── signal-exit@3.0.2
127 silly idealTree ├── sntp@1.0.9
127 silly idealTree ├── source-map@0.5.7
127 silly idealTree ├── spdx-correct@3.0.2
127 silly idealTree ├── spdx-exceptions@2.2.0
127 silly idealTree ├── spdx-expression-parse@3.0.0
127 silly idealTree ├── spdx-license-ids@3.0.2
127 silly idealTree ├── sprintf-js@1.0.3
127 silly idealTree ├─┬ sshpk@1.15.1
127 silly idealTree │ └── assert-plus@1.0.0
127 silly idealTree ├── stack-utils@0.4.0
127 silly idealTree ├─┬ stdout-stream@1.4.1
127 silly idealTree │ ├── isarray@1.0.0
127 silly idealTree │ ├── readable-stream@2.3.6
127 silly idealTree │ └── string_decoder@1.1.1
127 silly idealTree ├── string_decoder@0.10.31
127 silly idealTree ├── string-template@0.2.1
127 silly idealTree ├── string-width@1.0.2
127 silly idealTree ├── stringstream@0.0.6
127 silly idealTree ├── strip-ansi@3.0.1
127 silly idealTree ├── strip-bom@2.0.0
127 silly idealTree ├── strip-indent@1.0.1
127 silly idealTree ├── strip-json-comments@1.0.4
127 silly idealTree ├── supports-color@2.0.0
127 silly idealTree ├─┬ tap-mocha-reporter@2.0.1
127 silly idealTree │ ├── argparse@1.0.10
127 silly idealTree │ ├── esprima@4.0.1
127 silly idealTree │ ├── glob@7.1.3
127 silly idealTree │ ├── isarray@1.0.0
127 silly idealTree │ ├── js-yaml@3.12.0
127 silly idealTree │ ├── minimatch@3.0.4
127 silly idealTree │ ├── readable-stream@2.3.6
127 silly idealTree │ └── string_decoder@1.1.1
127 silly idealTree ├─┬ tap-parser@2.2.3
127 silly idealTree │ ├── argparse@1.0.10
127 silly idealTree │ ├── esprima@4.0.1
127 silly idealTree │ ├── isarray@1.0.0
127 silly idealTree │ ├── js-yaml@3.12.0
127 silly idealTree │ ├── readable-stream@2.3.6
127 silly idealTree │ └── string_decoder@1.1.1
127 silly idealTree ├─┬ tap@7.1.2
127 silly idealTree │ ├── argparse@1.0.10
127 silly idealTree │ ├── esprima@4.0.1
127 silly idealTree │ ├── glob@7.1.3
127 silly idealTree │ ├── isarray@1.0.0
127 silly idealTree │ ├── js-yaml@3.12.0
127 silly idealTree │ ├── minimatch@3.0.4
127 silly idealTree │ ├── readable-stream@2.3.6
127 silly idealTree │ └── string_decoder@1.1.1
127 silly idealTree ├── tar@2.2.1
127 silly idealTree ├─┬ tiny-lr@1.1.1
127 silly idealTree │ ├── debug@3.2.6
127 silly idealTree │ ├── ms@2.1.1
127 silly idealTree │ └── qs@6.5.2
127 silly idealTree ├── tmatch@2.0.1
127 silly idealTree ├── tough-cookie@2.3.4
127 silly idealTree ├── trim-newlines@1.0.0
127 silly idealTree ├─┬ true-case-path@1.0.3
127 silly idealTree │ ├── glob@7.1.3
127 silly idealTree │ └── minimatch@3.0.4
127 silly idealTree ├── tunnel-agent@0.4.3
127 silly idealTree ├── tweetnacl@0.14.5
127 silly idealTree ├── typedarray@0.0.6
127 silly idealTree ├── uglify-js@2.8.29
127 silly idealTree ├── uglify-to-browserify@1.0.2
127 silly idealTree ├── underscore.string@2.2.1
127 silly idealTree ├── underscore@1.7.0
127 silly idealTree ├── unicode-length@1.0.3
127 silly idealTree ├─┬ uri-js@4.2.2
127 silly idealTree │ └── punycode@2.1.1
127 silly idealTree ├── uri-path@1.0.0
127 silly idealTree ├── util-deprecate@1.0.2
127 silly idealTree ├── uuid@3.3.2
127 silly idealTree ├── validate-npm-package-license@3.0.4
127 silly idealTree ├─┬ verror@1.10.0
127 silly idealTree │ └── assert-plus@1.0.0
127 silly idealTree ├── websocket-driver@0.7.0
127 silly idealTree ├── websocket-extensions@0.1.3
127 silly idealTree ├── which-module@1.0.0
127 silly idealTree ├── which@1.0.9
127 silly idealTree ├── wide-align@1.1.3
127 silly idealTree ├── window-size@0.1.0
127 silly idealTree ├── wordwrap@0.0.2
127 silly idealTree ├── wrap-ansi@2.1.0
127 silly idealTree ├── wrappy@1.0.2
127 silly idealTree ├── xtend@4.0.1
127 silly idealTree ├── y18n@3.2.1
127 silly idealTree ├── yallist@2.1.2
127 silly idealTree ├─┬ yargs-parser@5.0.0
127 silly idealTree │ └── camelcase@3.0.0
127 silly idealTree └── yargs@3.10.0
128 silly generateActionsToTake Starting
129 silly install generateActionsToTake
130 silly generateActionsToTake Finishing
131 silly diffTrees action count 2
132 silly diffTrees add node-bin-setup@1.0.6
133 silly diffTrees add node@11.1.0
134 silly decomposeActions action count 16
135 silly decomposeActions fetch node-bin-setup@1.0.6
136 silly decomposeActions extract node-bin-setup@1.0.6
137 silly decomposeActions test node-bin-setup@1.0.6
138 silly decomposeActions preinstall node-bin-setup@1.0.6
139 silly decomposeActions build node-bin-setup@1.0.6
140 silly decomposeActions install node-bin-setup@1.0.6
141 silly decomposeActions postinstall node-bin-setup@1.0.6
142 silly decomposeActions finalize node-bin-setup@1.0.6
143 silly decomposeActions fetch node@11.1.0
144 silly decomposeActions extract node@11.1.0
145 silly decomposeActions test node@11.1.0
146 silly decomposeActions preinstall node@11.1.0
147 silly decomposeActions build node@11.1.0
148 silly decomposeActions install node@11.1.0
149 silly decomposeActions postinstall node@11.1.0
150 silly decomposeActions finalize node@11.1.0
151 silly runTopLevelLifecycles Starting
152 silly executeActions Starting
153 silly install executeActions
154 silly doSerial global-install 0
155 silly doParallel fetch 2
156 verbose correctMkdir /Users/caoimhepersonal/.npm/_locks correctMkdir not in flight; initializing
157 verbose lock using /Users/caoimhepersonal/.npm/_locks/staging-a5abc30955f268a9.lock for /Users/caoimhepersonal/bodynamics_new/node_modules/.staging
158 silly doParallel extract 2
159 silly extract node-bin-setup@1.0.6
160 silly extract node@11.1.0
161 verbose unbuild node_modules/.staging/node-bin-setup-b726fa8b
162 verbose unbuild node_modules/.staging/node-842674bb
163 silly gentlyRm /Users/caoimhepersonal/bodynamics_new/node_modules/.staging/node-bin-setup-b726fa8b is being purged from base /Users/caoimhepersonal/bodynamics_new
164 verbose gentlyRm don't care about contents; nuking /Users/caoimhepersonal/bodynamics_new/node_modules/.staging/node-bin-setup-b726fa8b
165 verbose tar unpack /Users/caoimhepersonal/.npm/node-bin-setup/1.0.6/package.tgz
166 verbose tar unpacking to /Users/caoimhepersonal/bodynamics_new/node_modules/.staging/node-bin-setup-b726fa8b
167 silly gentlyRm /Users/caoimhepersonal/bodynamics_new/node_modules/.staging/node-bin-setup-b726fa8b is being purged
168 verbose gentlyRm don't care about contents; nuking /Users/caoimhepersonal/bodynamics_new/node_modules/.staging/node-bin-setup-b726fa8b
169 silly gunzTarPerm modes [ '755', '644' ]
170 silly gentlyRm /Users/caoimhepersonal/bodynamics_new/node_modules/.staging/node-842674bb is being purged from base /Users/caoimhepersonal/bodynamics_new
171 verbose gentlyRm don't care about contents; nuking /Users/caoimhepersonal/bodynamics_new/node_modules/.staging/node-842674bb
172 verbose tar unpack /Users/caoimhepersonal/.npm/node/11.1.0/package.tgz
173 verbose tar unpacking to /Users/caoimhepersonal/bodynamics_new/node_modules/.staging/node-842674bb
174 silly gentlyRm /Users/caoimhepersonal/bodynamics_new/node_modules/.staging/node-842674bb is being purged
175 verbose gentlyRm don't care about contents; nuking /Users/caoimhepersonal/bodynamics_new/node_modules/.staging/node-842674bb
176 silly gunzTarPerm modes [ '755', '644' ]
177 silly gunzTarPerm extractEntry package.json
178 silly gunzTarPerm extractEntry package.json
179 silly gunzTarPerm extractEntry index.js
180 silly gunzTarPerm extractEntry installArchSpecificPackage.js
181 silly gunzTarPerm extractEntry README.md
182 silly gentlyRm /Users/caoimhepersonal/bodynamics_new/node_modules/.staging/node-bin-setup-b726fa8b/node_modules is being purged
183 verbose gentlyRm don't care about contents; nuking /Users/caoimhepersonal/bodynamics_new/node_modules/.staging/node-bin-setup-b726fa8b/node_modules
184 silly gentlyRm /Users/caoimhepersonal/bodynamics_new/node_modules/.staging/node-842674bb/node_modules is being purged
185 verbose gentlyRm don't care about contents; nuking /Users/caoimhepersonal/bodynamics_new/node_modules/.staging/node-842674bb/node_modules
186 silly doParallel preinstall 2
187 silly preinstall node-bin-setup@1.0.6 /Users/caoimhepersonal/bodynamics_new/node_modules/.staging/node-bin-setup-b726fa8b
188 info lifecycle node-bin-setup@1.0.6~preinstall: node-bin-setup@1.0.6
189 silly preinstall node@11.1.0 /Users/caoimhepersonal/bodynamics_new/node_modules/.staging/node-842674bb
190 info lifecycle node@11.1.0~preinstall: node@11.1.0
191 silly lifecycle node-bin-setup@1.0.6~preinstall: no script for preinstall, continuing
192 verbose lifecycle node@11.1.0~preinstall: unsafe-perm in lifecycle true
193 verbose lifecycle node@11.1.0~preinstall: PATH: /usr/local/lib/node_modules/npm/bin/node-gyp-bin:/Users/caoimhepersonal/bodynamics_new/node_modules/.staging/node-842674bb/node_modules/.bin:/Users/caoimhepersonal/bodynamics_new/node_modules/.bin:/Users/caoimhepersonal/.rbenv/shims:/usr/local/bin:/usr/bin:/bin:/usr/sbin:/sbin
194 verbose lifecycle node@11.1.0~preinstall: CWD: /Users/caoimhepersonal/bodynamics_new/node_modules/.staging/node-842674bb
195 silly lifecycle node@11.1.0~preinstall: Args: [ '-c', 'node installArchSpecificPackage' ]
196 silly lifecycle node@11.1.0~preinstall: Returned: code: 1  signal: null
197 info lifecycle node@11.1.0~preinstall: Failed to exec preinstall script
198 verbose unlock done using /Users/caoimhepersonal/.npm/_locks/staging-a5abc30955f268a9.lock for /Users/caoimhepersonal/bodynamics_new/node_modules/.staging
199 silly rollbackFailedOptional Starting
200 silly rollbackFailedOptional Finishing
201 silly runTopLevelLifecycles Finishing
202 silly install printInstalled
203 warn grunt-sass@3.0.2 requires a peer of grunt@>=1 but none was installed.
204 verbose If you need help, you may report this error at:
204 verbose     <https://github.com/npm/npm/issues>
205 verbose stack Error: node@11.1.0 preinstall: `node installArchSpecificPackage`
205 verbose stack Exit status 1
205 verbose stack     at EventEmitter.<anonymous> (/usr/local/lib/node_modules/npm/lib/utils/lifecycle.js:255:16)
205 verbose stack     at emitTwo (events.js:106:13)
205 verbose stack     at EventEmitter.emit (events.js:191:7)
205 verbose stack     at ChildProcess.<anonymous> (/usr/local/lib/node_modules/npm/lib/utils/spawn.js:40:14)
205 verbose stack     at emitTwo (events.js:106:13)
205 verbose stack     at ChildProcess.emit (events.js:191:7)
205 verbose stack     at maybeClose (internal/child_process.js:891:16)
205 verbose stack     at Process.ChildProcess._handle.onexit (internal/child_process.js:226:5)
206 verbose pkgid node@11.1.0
207 verbose cwd /Users/caoimhepersonal/bodynamics_new
208 error Darwin 18.2.0
209 error argv "/usr/local/bin/node" "/usr/local/bin/npm" "install" "node"
210 error node v6.11.1
211 error npm  v3.10.10
212 error code ELIFECYCLE
213 error node@11.1.0 preinstall: `node installArchSpecificPackage`
213 error Exit status 1
214 error Failed at the node@11.1.0 preinstall script 'node installArchSpecificPackage'.
214 error Make sure you have the latest version of node.js and npm installed.
214 error If you do, this is most likely a problem with the node package,
214 error not with npm itself.
214 error Tell the author that this fails on your system:
214 error     node installArchSpecificPackage
214 error You can get information on how to open an issue for this project with:
214 error     npm bugs node
214 error Or if that isn't available, you can get their info via:
214 error     npm owner ls node
214 error There is likely additional logging output above.
215 verbose exit [ 1, true ]
